[debug] [2024-03-18T06:06:53.559Z] ----------------------------------------------------------------------
[debug] [2024-03-18T06:06:53.561Z] Command:       /usr/local/bin/node /usr/local/bin/firebase deploy
[debug] [2024-03-18T06:06:53.561Z] CLI Version:   13.5.1
[debug] [2024-03-18T06:06:53.561Z] Platform:      darwin
[debug] [2024-03-18T06:06:53.561Z] Node Version:  v20.10.0
[debug] [2024-03-18T06:06:53.561Z] Time:          Mon Mar 18 2024 01:06:53 GMT-0500 (Central Daylight Time)
[debug] [2024-03-18T06:06:53.561Z] ----------------------------------------------------------------------
[debug] 
[debug] [2024-03-18T06:06:53.590Z] > command requires scopes: ["email","openid","https://www.googleapis.com/auth/cloudplatformprojects.readonly","https://www.googleapis.com/auth/firebase","https://www.googleapis.com/auth/cloud-platform"]
[debug] [2024-03-18T06:06:53.590Z] > authorizing via signed-in user (michael.a.golden@gmail.com)
[debug] [2024-03-18T06:06:53.590Z] [iam] checking project next-austincs for permissions ["cloudfunctions.functions.create","cloudfunctions.functions.delete","cloudfunctions.functions.get","cloudfunctions.functions.list","cloudfunctions.functions.update","cloudfunctions.operations.get","firebase.projects.get","firebasehosting.sites.update"]
[debug] [2024-03-18T06:06:53.590Z] > refreshing access token with scopes: []
[debug] [2024-03-18T06:06:53.591Z] >>> [apiv2][query] POST https://www.googleapis.com/oauth2/v3/token [none]
[debug] [2024-03-18T06:06:53.591Z] >>> [apiv2][body] POST https://www.googleapis.com/oauth2/v3/token [omitted]
[debug] [2024-03-18T06:06:53.730Z] <<< [apiv2][status] POST https://www.googleapis.com/oauth2/v3/token 200
[debug] [2024-03-18T06:06:53.731Z] <<< [apiv2][body] POST https://www.googleapis.com/oauth2/v3/token [omitted]
[debug] [2024-03-18T06:06:53.743Z] >>> [apiv2][query] POST https://cloudresourcemanager.googleapis.com/v1/projects/next-austincs:testIamPermissions [none]
[debug] [2024-03-18T06:06:53.743Z] >>> [apiv2][(partial)header] POST https://cloudresourcemanager.googleapis.com/v1/projects/next-austincs:testIamPermissions x-goog-quota-user=projects/next-austincs
[debug] [2024-03-18T06:06:53.744Z] >>> [apiv2][body] POST https://cloudresourcemanager.googleapis.com/v1/projects/next-austincs:testIamPermissions {"permissions":["cloudfunctions.functions.create","cloudfunctions.functions.delete","cloudfunctions.functions.get","cloudfunctions.functions.list","cloudfunctions.functions.update","cloudfunctions.operations.get","firebase.projects.get","firebasehosting.sites.update"]}
[debug] [2024-03-18T06:06:53.922Z] <<< [apiv2][status] POST https://cloudresourcemanager.googleapis.com/v1/projects/next-austincs:testIamPermissions 200
[debug] [2024-03-18T06:06:53.922Z] <<< [apiv2][body] POST https://cloudresourcemanager.googleapis.com/v1/projects/next-austincs:testIamPermissions {"permissions":["cloudfunctions.functions.create","cloudfunctions.functions.delete","cloudfunctions.functions.get","cloudfunctions.functions.list","cloudfunctions.functions.update","cloudfunctions.operations.get","firebase.projects.get","firebasehosting.sites.update"]}
[debug] [2024-03-18T06:06:53.922Z] >>> [apiv2][query] POST https://iam.googleapis.com/v1/projects/next-austincs/serviceAccounts/next-austincs@appspot.gserviceaccount.com:testIamPermissions [none]
[debug] [2024-03-18T06:06:53.922Z] >>> [apiv2][body] POST https://iam.googleapis.com/v1/projects/next-austincs/serviceAccounts/next-austincs@appspot.gserviceaccount.com:testIamPermissions {"permissions":["iam.serviceAccounts.actAs"]}
[debug] [2024-03-18T06:06:54.101Z] <<< [apiv2][status] POST https://iam.googleapis.com/v1/projects/next-austincs/serviceAccounts/next-austincs@appspot.gserviceaccount.com:testIamPermissions 200
[debug] [2024-03-18T06:06:54.101Z] <<< [apiv2][body] POST https://iam.googleapis.com/v1/projects/next-austincs/serviceAccounts/next-austincs@appspot.gserviceaccount.com:testIamPermissions {"permissions":["iam.serviceAccounts.actAs"]}
[debug] [2024-03-18T06:06:54.102Z] >>> [apiv2][query] GET https://firebase.googleapis.com/v1beta1/projects/next-austincs [none]
[debug] [2024-03-18T06:06:54.442Z] <<< [apiv2][status] GET https://firebase.googleapis.com/v1beta1/projects/next-austincs 200
[debug] [2024-03-18T06:06:54.442Z] <<< [apiv2][body] GET https://firebase.googleapis.com/v1beta1/projects/next-austincs {"projectId":"next-austincs","projectNumber":"890385108590","displayName":"next-austincs","name":"projects/next-austincs","resources":{"hostingSite":"next-austincs","realtimeDatabaseInstance":"next-austincs-default-rtdb","storageBucket":"next-austincs.appspot.com","locationId":"us-central"},"state":"ACTIVE","etag":"1_47f1fe45-d72f-4335-90bf-ba3feabc593c"}
[debug] [2024-03-18T06:06:55.111Z] >>> [apiv2][query] GET https://firebasehosting.googleapis.com/v1beta1/projects/next-austincs/sites pageToken=&pageSize=10
[debug] [2024-03-18T06:06:55.449Z] <<< [apiv2][status] GET https://firebasehosting.googleapis.com/v1beta1/projects/next-austincs/sites 200
[debug] [2024-03-18T06:06:55.449Z] <<< [apiv2][body] GET https://firebasehosting.googleapis.com/v1beta1/projects/next-austincs/sites {"sites":[{"name":"projects/next-austincs/sites/austncs","defaultUrl":"https://austncs.web.app","type":"USER_SITE"},{"name":"projects/next-austincs/sites/next-austincs","defaultUrl":"https://next-austincs.web.app","appId":"1:890385108590:web:10d72fa8caab859976207f","type":"DEFAULT_SITE"}]}
[debug] [2024-03-18T06:06:55.450Z] >>> [apiv2][query] GET https://firebase.googleapis.com/v1beta1/projects/-/webApps/1:890385108590:web:10d72fa8caab859976207f/config [none]
[debug] [2024-03-18T06:06:55.887Z] <<< [apiv2][status] GET https://firebase.googleapis.com/v1beta1/projects/-/webApps/1:890385108590:web:10d72fa8caab859976207f/config 200
[debug] [2024-03-18T06:06:55.887Z] <<< [apiv2][body] GET https://firebase.googleapis.com/v1beta1/projects/-/webApps/1:890385108590:web:10d72fa8caab859976207f/config {"projectId":"next-austincs","appId":"1:890385108590:web:10d72fa8caab859976207f","databaseURL":"https://next-austincs-default-rtdb.firebaseio.com","storageBucket":"next-austincs.appspot.com","locationId":"us-central","apiKey":"AIzaSyDb6Fn3WlO0MnZEz8YC2DLURtUtTqM5v4k","authDomain":"next-austincs.firebaseapp.com","messagingSenderId":"890385108590","measurementId":"G-JPVMD2FJ48"}
[info] 
   Thank you for trying our early preview of Next.js support on Firebase Hosting.
   During the preview, support is best-effort and breaking changes can be expected. Proceed with caution.
   The integration is known to work with Next.js version 12 - 14.0. You may encounter errors.

   Documentation: https://firebase.google.com/docs/hosting/frameworks/nextjs
   File a bug: https://github.com/firebase/firebase-tools/issues/new?template=bug_report.md
   Submit a feature request: https://github.com/firebase/firebase-tools/issues/new?template=feature_request.md

   We'd love to learn from you. Express your interest in helping us shape the future of Firebase Hosting: https://goo.gle/41enW5X

[debug] [2024-03-18T06:06:57.323Z] >>> [apiv2][query] GET https://firebasehosting.googleapis.com/v1beta1/projects/next-austincs/sites/next-austincs [none]
[debug] [2024-03-18T06:06:57.460Z] <<< [apiv2][status] GET https://firebasehosting.googleapis.com/v1beta1/projects/next-austincs/sites/next-austincs 200
[debug] [2024-03-18T06:06:57.460Z] <<< [apiv2][body] GET https://firebasehosting.googleapis.com/v1beta1/projects/next-austincs/sites/next-austincs {"name":"projects/next-austincs/sites/next-austincs","defaultUrl":"https://next-austincs.web.app","appId":"1:890385108590:web:10d72fa8caab859976207f","type":"DEFAULT_SITE"}
[info]    ▲ Next.js 14.1.3

[info]    - Environments: .env


[info]    Creating an optimized production build ...

[info]  ✓ Compiled successfully

[info]    Linting and checking validity of types ...

[info]    Collecting page data ...

[info]    Generating static pages (0/5) ...

[info]    Generating static pages (1/5) 

[info]    Generating static pages (2/5) 

[info]    Generating static pages (3/5) 

[info] Error: `DialogTrigger` must be used within `Dialog`
    at /Users/michaelgolden/projects/acm-website/.next/server/app/page.js:1:28890
    at /Users/michaelgolden/projects/acm-website/.next/server/app/page.js:1:100896
    at nM (/Users/michaelgolden/projects/acm-website/node_modules/next/dist/compiled/next-server/app-page.runtime.prod.js:12:60916)
    at nL (/Users/michaelgolden/projects/acm-website/node_modules/next/dist/compiled/next-server/app-page.runtime.prod.js:12:64674)
    at nB (/Users/michaelgolden/projects/acm-website/node_modules/next/dist/compiled/next-server/app-page.runtime.prod.js:12:67657)
    at nF (/Users/michaelgolden/projects/acm-website/node_modules/next/dist/compiled/next-server/app-page.runtime.prod.js:12:66824)
    at nL (/Users/michaelgolden/projects/acm-website/node_modules/next/dist/compiled/next-server/app-page.runtime.prod.js:12:64990)
    at nB (/Users/michaelgolden/projects/acm-website/node_modules/next/dist/compiled/next-server/app-page.runtime.prod.js:12:67657)
    at nM (/Users/michaelgolden/projects/acm-website/node_modules/next/dist/compiled/next-server/app-page.runtime.prod.js:12:58551)
    at nL (/Users/michaelgolden/projects/acm-website/node_modules/next/dist/compiled/next-server/app-page.runtime.prod.js:12:64674)

[info] 
Error occurred prerendering page "/". Read more: https://nextjs.org/docs/messages/prerender-error

Error: `DialogTrigger` must be used within `Dialog`
    at /Users/michaelgolden/projects/acm-website/.next/server/app/page.js:1:28890
    at /Users/michaelgolden/projects/acm-website/.next/server/app/page.js:1:100896
    at nM (/Users/michaelgolden/projects/acm-website/node_modules/next/dist/compiled/next-server/app-page.runtime.prod.js:12:60916)
    at nL (/Users/michaelgolden/projects/acm-website/node_modules/next/dist/compiled/next-server/app-page.runtime.prod.js:12:64674)
    at nB (/Users/michaelgolden/projects/acm-website/node_modules/next/dist/compiled/next-server/app-page.runtime.prod.js:12:67657)
    at nF (/Users/michaelgolden/projects/acm-website/node_modules/next/dist/compiled/next-server/app-page.runtime.prod.js:12:66824)
    at nL (/Users/michaelgolden/projects/acm-website/node_modules/next/dist/compiled/next-server/app-page.runtime.prod.js:12:64990)
    at nB (/Users/michaelgolden/projects/acm-website/node_modules/next/dist/compiled/next-server/app-page.runtime.prod.js:12:67657)
    at nM (/Users/michaelgolden/projects/acm-website/node_modules/next/dist/compiled/next-server/app-page.runtime.prod.js:12:58551)
    at nL (/Users/michaelgolden/projects/acm-website/node_modules/next/dist/compiled/next-server/app-page.runtime.prod.js:12:64674)

[info]  ✓ Generating static pages (5/5) 

[info] 
> Export encountered errors on following paths:
	/page: /

[debug] [2024-03-18T06:07:04.377Z] Error: ENOENT: no such file or directory, open '/Users/michaelgolden/projects/acm-website/.next/export-marker.json'
[error] 
[error] Error: An unexpected error has occurred.
